This is pdfTeX, Version 3.1415926-2.5-1.40.14 (TeX Live 2013/Debian) (format=pdflatex 2014.2.17)  29 MAR 2014 12:02
entering extended mode
 restricted \write18 enabled.
 %&-line parsing enabled.
**diplomka-vonaslub.tex
(./diplomka-vonaslub.tex
LaTeX2e <2011/06/27>
Babel <3.9h> and hyphenation patterns for 6 languages loaded.
(/usr/share/texlive/texmf-dist/tex/latex/base/book.cls
Document Class: book 2007/10/19 v1.4h Standard LaTeX document class
(/usr/share/texlive/texmf-dist/tex/latex/base/bk11.clo
File: bk11.clo 2007/10/19 v1.4h Standard LaTeX file (size option)
)
\c@part=\count79
\c@chapter=\count80
\c@section=\count81
\c@subsection=\count82
\c@subsubsection=\count83
\c@paragraph=\count84
\c@subparagraph=\count85
\c@figure=\count86
\c@table=\count87
\abovecaptionskip=\skip41
\belowcaptionskip=\skip42
\bibindent=\dimen102
)
(/usr/share/texlive/texmf-dist/tex/latex/wrapfig/wrapfig.sty
\wrapoverhang=\dimen103
\WF@size=\dimen104
\c@WF@wrappedlines=\count88
\WF@box=\box26
\WF@everypar=\toks14
Package: wrapfig 2003/01/31  v 3.6
)
(/usr/share/texlive/texmf-dist/tex/latex/floatrow/floatrow.sty
Package: floatrow 2008/08/02 v0.3b floatrow: float package extension

(/usr/share/texlive/texmf-dist/tex/latex/graphics/keyval.sty
Package: keyval 1999/03/16 v1.13 key=value parser (DPC)
\KV@toks@=\toks15
)
(/usr/share/texlive/texmf-dist/tex/latex/caption/caption3.sty
Package: caption3 2013/05/02 v1.6-88 caption3 kernel (AR)
Package caption3 Info: TeX engine: e-TeX on input line 57.
\captionmargin=\dimen105
\captionmargin@=\dimen106
\captionwidth=\dimen107
\caption@tempdima=\dimen108
\caption@indent=\dimen109
\caption@parindent=\dimen110
\caption@hangindent=\dimen111
)
\c@float@type=\count89
\float@exts=\toks16
\float@box=\box27
\@floatcapt=\box28
Package floatrow Info: Modified float package code loaded on input line 455.
Package floatrow Info: Modified rotfloat package code loaded on input line 473.

\FR@everyfloat=\toks17
\flrow@foot=\insert233
\FB@wd=\dimen112
\FBo@wd=\dimen113
\FBc@wd=\dimen114
\FBo@ht=\skip43
\FBc@ht=\skip44
\FBf@ht=\skip45
\FBo@max=\skip46
\FBc@max=\skip47
\FBf@max=\skip48
\c@FBl@b=\count90
\floatbox@depth=\count91
\c@FRobj=\count92
\c@FRsobj=\count93
\Xhsize=\skip49
\sXhsize=\skip50
\Zhsize=\skip51
\sZhsize=\skip52
\flrow@rowbox=\box29
\FR@Zunitlength=\dimen115
\c@FBcnt=\count94
\FPOScnt=\count95
\LTleft=\skip53
\LTright=\skip54
\LTleft=\skip55
\LTright=\skip56
\flrow@types=\toks18
)
(/usr/share/texlive/texmf-dist/tex/latex/amsmath/amsmath.sty
Package: amsmath 2013/01/14 v2.14 AMS math features
\@mathmargin=\skip57

For additional information on amsmath, use the `?' option.
(/usr/share/texlive/texmf-dist/tex/latex/amsmath/amstext.sty
Package: amstext 2000/06/29 v2.01

(/usr/share/texlive/texmf-dist/tex/latex/amsmath/amsgen.sty
File: amsgen.sty 1999/11/30 v2.0
\@emptytoks=\toks19
\ex@=\dimen116
))
(/usr/share/texlive/texmf-dist/tex/latex/amsmath/amsbsy.sty
Package: amsbsy 1999/11/29 v1.2d
\pmbraise@=\dimen117
)
(/usr/share/texlive/texmf-dist/tex/latex/amsmath/amsopn.sty
Package: amsopn 1999/12/14 v2.01 operator names
)
\inf@bad=\count96
LaTeX Info: Redefining \frac on input line 210.
\uproot@=\count97
\leftroot@=\count98
LaTeX Info: Redefining \overline on input line 306.
\classnum@=\count99
\DOTSCASE@=\count100
LaTeX Info: Redefining \ldots on input line 378.
LaTeX Info: Redefining \dots on input line 381.
LaTeX Info: Redefining \cdots on input line 466.
\Mathstrutbox@=\box30
\strutbox@=\box31
\big@size=\dimen118
LaTeX Font Info:    Redeclaring font encoding OML on input line 566.
LaTeX Font Info:    Redeclaring font encoding OMS on input line 567.
\macc@depth=\count101
\c@MaxMatrixCols=\count102
\dotsspace@=\muskip10
\c@parentequation=\count103
\dspbrk@lvl=\count104
\tag@help=\toks20
\row@=\count105
\column@=\count106
\maxfields@=\count107
\andhelp@=\toks21
\eqnshift@=\dimen119
\alignsep@=\dimen120
\tagshift@=\dimen121
\tagwidth@=\dimen122
\totwidth@=\dimen123
\lineht@=\dimen124
\@envbody=\toks22
\multlinegap=\skip58
\multlinetaggap=\skip59
\mathdisplay@stack=\toks23
LaTeX Info: Redefining \[ on input line 2665.
LaTeX Info: Redefining \] on input line 2666.
)
(/usr/share/texlive/texmf-dist/tex/latex/url/url.sty
\Urlmuskip=\muskip11
Package: url 2013/09/16  ver 3.4  Verb mode for urls, etc.
)
(/usr/share/texlive/texmf-dist/tex/latex/graphics/graphicx.sty
Package: graphicx 1999/02/16 v1.0f Enhanced LaTeX Graphics (DPC,SPQR)

(/usr/share/texlive/texmf-dist/tex/latex/graphics/graphics.sty
Package: graphics 2009/02/05 v1.0o Standard LaTeX Graphics (DPC,SPQR)

(/usr/share/texlive/texmf-dist/tex/latex/graphics/trig.sty
Package: trig 1999/03/16 v1.09 sin cos tan (DPC)
)
(/usr/share/texlive/texmf-dist/tex/latex/latexconfig/graphics.cfg
File: graphics.cfg 2010/04/23 v1.9 graphics configuration of TeX Live
)
Package graphics Info: Driver file: pdftex.def on input line 91.

(/usr/share/texlive/texmf-dist/tex/latex/pdftex-def/pdftex.def
File: pdftex.def 2011/05/27 v0.06d Graphics/color for pdfTeX

(/usr/share/texlive/texmf-dist/tex/generic/oberdiek/infwarerr.sty
Package: infwarerr 2010/04/08 v1.3 Providing info/warning/error messages (HO)
)
(/usr/share/texlive/texmf-dist/tex/generic/oberdiek/ltxcmds.sty
Package: ltxcmds 2011/11/09 v1.22 LaTeX kernel commands for general use (HO)
)
\Gread@gobject=\count108
))
\Gin@req@height=\dimen125
\Gin@req@width=\dimen126
)
(/usr/share/texlive/texmf-dist/tex/generic/babel/babel.sty
Package: babel 2013/12/03 3.9h The Babel package

(/usr/share/texlive/texmf-dist/tex/generic/babel-czech/czech.ldf
Language: czech 2008/07/06 v3.1a Czech support from the babel system

(/usr/share/texlive/texmf-dist/tex/generic/babel/babel.def
File: babel.def 2013/12/03 3.9h Babel common definitions
\babel@savecnt=\count109
\U@D=\dimen127
)
Package babel Info: Making " an active character on input line 172.
\cs@wordlen=\count110
Package babel Info: Making - an active character on input line 226.
)
(/usr/share/texlive/texmf-dist/tex/generic/babel-english/english.ldf
Language: english 2012/08/20 v3.3p English support from the babel system
\l@canadian = a dialect from \language\l@american 
\l@australian = a dialect from \language\l@british 
\l@newzealand = a dialect from \language\l@british 
))
(/usr/share/texlive/texmf-dist/tex/latex/base/fontenc.sty
Package: fontenc 2005/09/27 v1.99g Standard LaTeX package

(/usr/share/texlive/texmf-dist/tex/latex/base/t1enc.def
File: t1enc.def 2005/09/27 v1.99g Standard LaTeX file
LaTeX Font Info:    Redeclaring font encoding T1 on input line 43.
))
(/usr/share/texlive/texmf-dist/tex/latex/base/inputenc.sty
Package: inputenc 2008/03/30 v1.1d Input encoding file
\inpenc@prehook=\toks24
\inpenc@posthook=\toks25

(/usr/share/texlive/texmf-dist/tex/latex/base/utf8.def
File: utf8.def 2008/04/05 v1.1m UTF-8 support for inputenc
Now handling font encoding OML ...
... no UTF-8 mapping file for font encoding OML
Now handling font encoding T1 ...
... processing UTF-8 mapping file for font encoding T1

(/usr/share/texlive/texmf-dist/tex/latex/base/t1enc.dfu
File: t1enc.dfu 2008/04/05 v1.1m UTF-8 support for inputenc
   defining Unicode char U+00A1 (decimal 161)
   defining Unicode char U+00A3 (decimal 163)
   defining Unicode char U+00AB (decimal 171)
   defining Unicode char U+00BB (decimal 187)
   defining Unicode char U+00BF (decimal 191)
   defining Unicode char U+00C0 (decimal 192)
   defining Unicode char U+00C1 (decimal 193)
   defining Unicode char U+00C2 (decimal 194)
   defining Unicode char U+00C3 (decimal 195)
   defining Unicode char U+00C4 (decimal 196)
   defining Unicode char U+00C5 (decimal 197)
   defining Unicode char U+00C6 (decimal 198)
   defining Unicode char U+00C7 (decimal 199)
   defining Unicode char U+00C8 (decimal 200)
   defining Unicode char U+00C9 (decimal 201)
   defining Unicode char U+00CA (decimal 202)
   defining Unicode char U+00CB (decimal 203)
   defining Unicode char U+00CC (decimal 204)
   defining Unicode char U+00CD (decimal 205)
   defining Unicode char U+00CE (decimal 206)
   defining Unicode char U+00CF (decimal 207)
   defining Unicode char U+00D0 (decimal 208)
   defining Unicode char U+00D1 (decimal 209)
   defining Unicode char U+00D2 (decimal 210)
   defining Unicode char U+00D3 (decimal 211)
   defining Unicode char U+00D4 (decimal 212)
   defining Unicode char U+00D5 (decimal 213)
   defining Unicode char U+00D6 (decimal 214)
   defining Unicode char U+00D8 (decimal 216)
   defining Unicode char U+00D9 (decimal 217)
   defining Unicode char U+00DA (decimal 218)
   defining Unicode char U+00DB (decimal 219)
   defining Unicode char U+00DC (decimal 220)
   defining Unicode char U+00DD (decimal 221)
   defining Unicode char U+00DE (decimal 222)
   defining Unicode char U+00DF (decimal 223)
   defining Unicode char U+00E0 (decimal 224)
   defining Unicode char U+00E1 (decimal 225)
   defining Unicode char U+00E2 (decimal 226)
   defining Unicode char U+00E3 (decimal 227)
   defining Unicode char U+00E4 (decimal 228)
   defining Unicode char U+00E5 (decimal 229)
   defining Unicode char U+00E6 (decimal 230)
   defining Unicode char U+00E7 (decimal 231)
   defining Unicode char U+00E8 (decimal 232)
   defining Unicode char U+00E9 (decimal 233)
   defining Unicode char U+00EA (decimal 234)
   defining Unicode char U+00EB (decimal 235)
   defining Unicode char U+00EC (decimal 236)
   defining Unicode char U+00ED (decimal 237)
   defining Unicode char U+00EE (decimal 238)
   defining Unicode char U+00EF (decimal 239)
   defining Unicode char U+00F0 (decimal 240)
   defining Unicode char U+00F1 (decimal 241)
   defining Unicode char U+00F2 (decimal 242)
   defining Unicode char U+00F3 (decimal 243)
   defining Unicode char U+00F4 (decimal 244)
   defining Unicode char U+00F5 (decimal 245)
   defining Unicode char U+00F6 (decimal 246)
   defining Unicode char U+00F8 (decimal 248)
   defining Unicode char U+00F9 (decimal 249)
   defining Unicode char U+00FA (decimal 250)
   defining Unicode char U+00FB (decimal 251)
   defining Unicode char U+00FC (decimal 252)
   defining Unicode char U+00FD (decimal 253)
   defining Unicode char U+00FE (decimal 254)
   defining Unicode char U+00FF (decimal 255)
   defining Unicode char U+0102 (decimal 258)
   defining Unicode char U+0103 (decimal 259)
   defining Unicode char U+0104 (decimal 260)
   defining Unicode char U+0105 (decimal 261)
   defining Unicode char U+0106 (decimal 262)
   defining Unicode char U+0107 (decimal 263)
   defining Unicode char U+010C (decimal 268)
   defining Unicode char U+010D (decimal 269)
   defining Unicode char U+010E (decimal 270)
   defining Unicode char U+010F (decimal 271)
   defining Unicode char U+0110 (decimal 272)
   defining Unicode char U+0111 (decimal 273)
   defining Unicode char U+0118 (decimal 280)
   defining Unicode char U+0119 (decimal 281)
   defining Unicode char U+011A (decimal 282)
   defining Unicode char U+011B (decimal 283)
   defining Unicode char U+011E (decimal 286)
   defining Unicode char U+011F (decimal 287)
   defining Unicode char U+0130 (decimal 304)
   defining Unicode char U+0131 (decimal 305)
   defining Unicode char U+0132 (decimal 306)
   defining Unicode char U+0133 (decimal 307)
   defining Unicode char U+0139 (decimal 313)
   defining Unicode char U+013A (decimal 314)
   defining Unicode char U+013D (decimal 317)
   defining Unicode char U+013E (decimal 318)
   defining Unicode char U+0141 (decimal 321)
   defining Unicode char U+0142 (decimal 322)
   defining Unicode char U+0143 (decimal 323)
   defining Unicode char U+0144 (decimal 324)
   defining Unicode char U+0147 (decimal 327)
   defining Unicode char U+0148 (decimal 328)
   defining Unicode char U+014A (decimal 330)
   defining Unicode char U+014B (decimal 331)
   defining Unicode char U+0150 (decimal 336)
   defining Unicode char U+0151 (decimal 337)
   defining Unicode char U+0152 (decimal 338)
   defining Unicode char U+0153 (decimal 339)
   defining Unicode char U+0154 (decimal 340)
   defining Unicode char U+0155 (decimal 341)
   defining Unicode char U+0158 (decimal 344)
   defining Unicode char U+0159 (decimal 345)
   defining Unicode char U+015A (decimal 346)
   defining Unicode char U+015B (decimal 347)
   defining Unicode char U+015E (decimal 350)
   defining Unicode char U+015F (decimal 351)
   defining Unicode char U+0160 (decimal 352)
   defining Unicode char U+0161 (decimal 353)
   defining Unicode char U+0162 (decimal 354)
   defining Unicode char U+0163 (decimal 355)
   defining Unicode char U+0164 (decimal 356)
   defining Unicode char U+0165 (decimal 357)
   defining Unicode char U+016E (decimal 366)
   defining Unicode char U+016F (decimal 367)
   defining Unicode char U+0170 (decimal 368)
   defining Unicode char U+0171 (decimal 369)
   defining Unicode char U+0178 (decimal 376)
   defining Unicode char U+0179 (decimal 377)
   defining Unicode char U+017A (decimal 378)
   defining Unicode char U+017B (decimal 379)
   defining Unicode char U+017C (decimal 380)
   defining Unicode char U+017D (decimal 381)
   defining Unicode char U+017E (decimal 382)
   defining Unicode char U+200C (decimal 8204)
   defining Unicode char U+2013 (decimal 8211)
   defining Unicode char U+2014 (decimal 8212)
   defining Unicode char U+2018 (decimal 8216)
   defining Unicode char U+2019 (decimal 8217)
   defining Unicode char U+201A (decimal 8218)
   defining Unicode char U+201C (decimal 8220)
   defining Unicode char U+201D (decimal 8221)
   defining Unicode char U+201E (decimal 8222)
   defining Unicode char U+2030 (decimal 8240)
   defining Unicode char U+2031 (decimal 8241)
   defining Unicode char U+2039 (decimal 8249)
   defining Unicode char U+203A (decimal 8250)
   defining Unicode char U+2423 (decimal 9251)
)
Now handling font encoding OT1 ...
... processing UTF-8 mapping file for font encoding OT1

(/usr/share/texlive/texmf-dist/tex/latex/base/ot1enc.dfu
File: ot1enc.dfu 2008/04/05 v1.1m UTF-8 support for inputenc
   defining Unicode char U+00A1 (decimal 161)
   defining Unicode char U+00A3 (decimal 163)
   defining Unicode char U+00B8 (decimal 184)
   defining Unicode char U+00BF (decimal 191)
   defining Unicode char U+00C5 (decimal 197)
   defining Unicode char U+00C6 (decimal 198)
   defining Unicode char U+00D8 (decimal 216)
   defining Unicode char U+00DF (decimal 223)
   defining Unicode char U+00E6 (decimal 230)
   defining Unicode char U+00EC (decimal 236)
   defining Unicode char U+00ED (decimal 237)
   defining Unicode char U+00EE (decimal 238)
   defining Unicode char U+00EF (decimal 239)
   defining Unicode char U+00F8 (decimal 248)
   defining Unicode char U+0131 (decimal 305)
   defining Unicode char U+0141 (decimal 321)
   defining Unicode char U+0142 (decimal 322)
   defining Unicode char U+0152 (decimal 338)
   defining Unicode char U+0153 (decimal 339)
   defining Unicode char U+2013 (decimal 8211)
   defining Unicode char U+2014 (decimal 8212)
   defining Unicode char U+2018 (decimal 8216)
   defining Unicode char U+2019 (decimal 8217)
   defining Unicode char U+201C (decimal 8220)
   defining Unicode char U+201D (decimal 8221)
)
Now handling font encoding OMS ...
... processing UTF-8 mapping file for font encoding OMS

(/usr/share/texlive/texmf-dist/tex/latex/base/omsenc.dfu
File: omsenc.dfu 2008/04/05 v1.1m UTF-8 support for inputenc
   defining Unicode char U+00A7 (decimal 167)
   defining Unicode char U+00B6 (decimal 182)
   defining Unicode char U+00B7 (decimal 183)
   defining Unicode char U+2020 (decimal 8224)
   defining Unicode char U+2021 (decimal 8225)
   defining Unicode char U+2022 (decimal 8226)
)
Now handling font encoding OMX ...
... no UTF-8 mapping file for font encoding OMX
Now handling font encoding U ...
... no UTF-8 mapping file for font encoding U
   defining Unicode char U+00A9 (decimal 169)
   defining Unicode char U+00AA (decimal 170)
   defining Unicode char U+00AE (decimal 174)
   defining Unicode char U+00BA (decimal 186)
   defining Unicode char U+02C6 (decimal 710)
   defining Unicode char U+02DC (decimal 732)
   defining Unicode char U+200C (decimal 8204)
   defining Unicode char U+2026 (decimal 8230)
   defining Unicode char U+2122 (decimal 8482)
   defining Unicode char U+2423 (decimal 9251)
))
(/usr/share/texlive/texmf-dist/tex/latex/tools/indentfirst.sty
Package: indentfirst 1995/11/23 v1.03 Indent first paragraph (DPC)
)
(/usr/share/texlive/texmf-dist/tex/latex/listings/listings.sty
\lst@mode=\count111
\lst@gtempboxa=\box32
\lst@token=\toks26
\lst@length=\count112
\lst@currlwidth=\dimen128
\lst@column=\count113
\lst@pos=\count114
\lst@lostspace=\dimen129
\lst@width=\dimen130
\lst@newlines=\count115
\lst@lineno=\count116
\lst@maxwidth=\dimen131

(/usr/share/texlive/texmf-dist/tex/latex/listings/lstmisc.sty
File: lstmisc.sty 2013/08/26 1.5b (Carsten Heinz)
\c@lstnumber=\count117
\lst@skipnumbers=\count118
\lst@framebox=\box33
)
(/usr/share/texlive/texmf-dist/tex/latex/listings/listings.cfg
File: listings.cfg 2013/08/26 1.5b listings configuration
))
Package: listings 2013/08/26 1.5b (Carsten Heinz)

(/usr/share/texlive/texmf-dist/tex/latex/graphics/color.sty
Package: color 2005/11/14 v1.0j Standard LaTeX Color (DPC)

(/usr/share/texlive/texmf-dist/tex/latex/latexconfig/color.cfg
File: color.cfg 2007/01/18 v1.5 color configuration of teTeX/TeXLive
)
Package color Info: Driver file: pdftex.def on input line 130.
)
(/usr/share/texlive/texmf-dist/tex/latex/soul/soul.sty
Package: soul 2003/11/17 v2.4 letterspacing/underlining (mf)
\SOUL@word=\toks27
\SOUL@lasttoken=\toks28
\SOUL@cmds=\toks29
\SOUL@buffer=\toks30
\SOUL@token=\toks31
\SOUL@spaceskip=\skip60
\SOUL@ttwidth=\dimen132
\SOUL@uldp=\dimen133
\SOUL@ulht=\dimen134
)
(/usr/share/texlive/texmf-dist/tex/latex/listings/lstlang1.sty
File: lstlang1.sty 2013/08/26 1.5b listings language file
)
(./k336_thesis_macros.sty
Two side layout redefined.
(./hyphen.tex))
Diplomova prace
(/usr/share/texlive/texmf-dist/tex/latex/hyperref/hyperref.sty
Package: hyperref 2012/11/06 v6.83m Hypertext links for LaTeX

(/usr/share/texlive/texmf-dist/tex/generic/oberdiek/hobsub-hyperref.sty
Package: hobsub-hyperref 2012/05/28 v1.13 Bundle oberdiek, subset hyperref (HO)


(/usr/share/texlive/texmf-dist/tex/generic/oberdiek/hobsub-generic.sty
Package: hobsub-generic 2012/05/28 v1.13 Bundle oberdiek, subset generic (HO)
Package: hobsub 2012/05/28 v1.13 Construct package bundles (HO)
Package hobsub Info: Skipping package `infwarerr' (already loaded).
Package hobsub Info: Skipping package `ltxcmds' (already loaded).
Package: ifluatex 2010/03/01 v1.3 Provides the ifluatex switch (HO)
Package ifluatex Info: LuaTeX not detected.
Package: ifvtex 2010/03/01 v1.5 Detect VTeX and its facilities (HO)
Package ifvtex Info: VTeX not detected.
Package: intcalc 2007/09/27 v1.1 Expandable calculations with integers (HO)
Package: ifpdf 2011/01/30 v2.3 Provides the ifpdf switch (HO)
Package ifpdf Info: pdfTeX in PDF mode is detected.
Package: etexcmds 2011/02/16 v1.5 Avoid name clashes with e-TeX commands (HO)
Package etexcmds Info: Could not find \expanded.
(etexcmds)             That can mean that you are not using pdfTeX 1.50 or
(etexcmds)             that some package has redefined \expanded.
(etexcmds)             In the latter case, load this package earlier.
Package: kvsetkeys 2012/04/25 v1.16 Key value parser (HO)
Package: kvdefinekeys 2011/04/07 v1.3 Define keys (HO)
Package: pdftexcmds 2011/11/29 v0.20 Utility functions of pdfTeX for LuaTeX (HO
)
Package pdftexcmds Info: LuaTeX not detected.
Package pdftexcmds Info: \pdf@primitive is available.
Package pdftexcmds Info: \pdf@ifprimitive is available.
Package pdftexcmds Info: \pdfdraftmode found.
Package: pdfescape 2011/11/25 v1.13 Implements pdfTeX's escape features (HO)
Package: bigintcalc 2012/04/08 v1.3 Expandable calculations on big integers (HO
)
Package: bitset 2011/01/30 v1.1 Handle bit-vector datatype (HO)
Package: uniquecounter 2011/01/30 v1.2 Provide unlimited unique counter (HO)
)
Package hobsub Info: Skipping package `hobsub' (already loaded).
Package: letltxmacro 2010/09/02 v1.4 Let assignment for LaTeX macros (HO)
Package: hopatch 2012/05/28 v1.2 Wrapper for package hooks (HO)
Package: xcolor-patch 2011/01/30 xcolor patch
Package: atveryend 2011/06/30 v1.8 Hooks at the very end of document (HO)
Package atveryend Info: \enddocument detected (standard20110627).
Package: atbegshi 2011/10/05 v1.16 At begin shipout hook (HO)
Package: refcount 2011/10/16 v3.4 Data extraction from label references (HO)
Package: hycolor 2011/01/30 v1.7 Color options for hyperref/bookmark (HO)
)
(/usr/share/texlive/texmf-dist/tex/generic/ifxetex/ifxetex.sty
Package: ifxetex 2010/09/12 v0.6 Provides ifxetex conditional
)
(/usr/share/texlive/texmf-dist/tex/latex/oberdiek/auxhook.sty
Package: auxhook 2011/03/04 v1.3 Hooks for auxiliary files (HO)
)
(/usr/share/texlive/texmf-dist/tex/latex/oberdiek/kvoptions.sty
Package: kvoptions 2011/06/30 v3.11 Key value format for package options (HO)
)
\@linkdim=\dimen135
\Hy@linkcounter=\count119
\Hy@pagecounter=\count120

(/usr/share/texlive/texmf-dist/tex/latex/hyperref/pd1enc.def
File: pd1enc.def 2012/11/06 v6.83m Hyperref: PDFDocEncoding definition (HO)
Now handling font encoding PD1 ...
... no UTF-8 mapping file for font encoding PD1
)
\Hy@SavedSpaceFactor=\count121

(/usr/share/texlive/texmf-dist/tex/latex/latexconfig/hyperref.cfg
File: hyperref.cfg 2002/06/06 v1.2 hyperref configuration of TeXLive
)
Package hyperref Info: Option `bookmarks' set `true' on input line 4319.
Package hyperref Info: Option `colorlinks' set `true' on input line 4319.
Package hyperref Info: Option `breaklinks' set `true' on input line 4319.
Package hyperref Info: Option `unicode' set `true' on input line 4319.

(/usr/share/texlive/texmf-dist/tex/latex/hyperref/puenc.def
File: puenc.def 2012/11/06 v6.83m Hyperref: PDF Unicode definition (HO)
Now handling font encoding PU ...
... no UTF-8 mapping file for font encoding PU
)
Package hyperref Info: Hyper figures OFF on input line 4443.
Package hyperref Info: Link nesting OFF on input line 4448.
Package hyperref Info: Hyper index ON on input line 4451.
Package hyperref Info: Plain pages OFF on input line 4458.
Package hyperref Info: Backreferencing OFF on input line 4463.
Package hyperref Info: Implicit mode ON; LaTeX internals redefined.
Package hyperref Info: Bookmarks ON on input line 4688.
\c@Hy@tempcnt=\count122
LaTeX Info: Redefining \url on input line 5041.
\XeTeXLinkMargin=\dimen136
\Fld@menulength=\count123
\Field@Width=\dimen137
\Fld@charsize=\dimen138
Package hyperref Info: Hyper figures OFF on input line 6295.
Package hyperref Info: Link nesting OFF on input line 6300.
Package hyperref Info: Hyper index ON on input line 6303.
Package hyperref Info: backreferencing OFF on input line 6310.
Package hyperref Info: Link coloring ON on input line 6313.
Package hyperref Info: Link coloring with OCG OFF on input line 6320.
Package hyperref Info: PDF/A mode OFF on input line 6325.
LaTeX Info: Redefining \ref on input line 6365.
LaTeX Info: Redefining \pageref on input line 6369.
\Hy@abspage=\count124
\c@Item=\count125
\c@Hfootnote=\count126
)

Package hyperref Message: Driver (autodetected): hpdftex.

(/usr/share/texlive/texmf-dist/tex/latex/hyperref/hpdftex.def
File: hpdftex.def 2012/11/06 v6.83m Hyperref driver for pdfTeX
\Fld@listcount=\count127
\c@bookmark@seq@number=\count128

(/usr/share/texlive/texmf-dist/tex/latex/oberdiek/rerunfilecheck.sty
Package: rerunfilecheck 2011/04/15 v1.7 Rerun checks for auxiliary files (HO)
Package uniquecounter Info: New unique counter `rerunfilecheck' on input line 2
82.
)
\Hy@SectionHShift=\skip61
)
(./diplomka-vonaslub.aux)
\openout1 = `diplomka-vonaslub.aux'.

LaTeX Font Info:    Checking defaults for OML/cmm/m/it on input line 203.
LaTeX Font Info:    ... okay on input line 203.
LaTeX Font Info:    Checking defaults for T1/cmr/m/n on input line 203.
LaTeX Font Info:    ... okay on input line 203.
LaTeX Font Info:    Checking defaults for OT1/cmr/m/n on input line 203.
LaTeX Font Info:    ... okay on input line 203.
LaTeX Font Info:    Checking defaults for OMS/cmsy/m/n on input line 203.
LaTeX Font Info:    ... okay on input line 203.
LaTeX Font Info:    Checking defaults for OMX/cmex/m/n on input line 203.
LaTeX Font Info:    ... okay on input line 203.
LaTeX Font Info:    Checking defaults for U/cmr/m/n on input line 203.
LaTeX Font Info:    ... okay on input line 203.
LaTeX Font Info:    Checking defaults for PD1/pdf/m/n on input line 203.
LaTeX Font Info:    ... okay on input line 203.
LaTeX Font Info:    Checking defaults for PU/pdf/m/n on input line 203.
LaTeX Font Info:    ... okay on input line 203.
Package caption Info: Begin \AtBeginDocument code.
Package caption Info: End \AtBeginDocument code.

(/usr/share/texlive/texmf-dist/tex/context/base/supp-pdf.mkii
[Loading MPS to PDF converter (version 2006.09.02).]
\scratchcounter=\count129
\scratchdimen=\dimen139
\scratchbox=\box34
\nofMPsegments=\count130
\nofMParguments=\count131
\everyMPshowfont=\toks32
\MPscratchCnt=\count132
\MPscratchDim=\dimen140
\MPnumerator=\count133
\makeMPintoPDFobject=\count134
\everyMPtoPDFconversion=\toks33
) (/usr/share/texlive/texmf-dist/tex/latex/oberdiek/epstopdf-base.sty
Package: epstopdf-base 2010/02/09 v2.5 Base part for package epstopdf

(/usr/share/texlive/texmf-dist/tex/latex/oberdiek/grfext.sty
Package: grfext 2010/08/19 v1.1 Manage graphics extensions (HO)
)
Package grfext Info: Graphics extension search list:
(grfext)             [.png,.pdf,.jpg,.mps,.jpeg,.jbig2,.jb2,.PNG,.PDF,.JPG,.JPE
G,.JBIG2,.JB2,.eps]
(grfext)             \AppendGraphicsExtensions on input line 452.

(/usr/share/texlive/texmf-dist/tex/latex/latexconfig/epstopdf-sys.cfg
File: epstopdf-sys.cfg 2010/07/13 v1.3 Configuration of (r)epstopdf for TeX Liv
e
))
\c@lstlisting=\count135
\AtBeginShipoutBox=\box35
Package hyperref Info: Link coloring ON on input line 203.

(/usr/share/texlive/texmf-dist/tex/latex/hyperref/nameref.sty
Package: nameref 2012/10/27 v2.43 Cross-referencing by name of section

(/usr/share/texlive/texmf-dist/tex/generic/oberdiek/gettitlestring.sty
Package: gettitlestring 2010/12/03 v1.4 Cleanup title references (HO)
)
\c@section@level=\count136
)
LaTeX Info: Redefining \ref on input line 203.
LaTeX Info: Redefining \pageref on input line 203.
LaTeX Info: Redefining \nameref on input line 203.

(./diplomka-vonaslub.out) (./diplomka-vonaslub.out)
\@outlinefile=\write3
\openout3 = `diplomka-vonaslub.out'.


************************************************
Zvoleny jazyk: cestina
Typ prace: Diplomov\IeC {\'a} pr\IeC {\'a}ce
Studijni program: Otev\IeC {\v r}en\IeC {\'a} informatika, Navazuj\IeC {\'\i }c
\IeC {\'\i } magistersk\IeC {\'y}
Obor: Po\IeC {\v c}\IeC {\'\i }ta\IeC {\v c}ov\IeC {\'a} grafika a interakce
Jmeno: Bc. Lubo\IeC {\v s} Von\IeC {\'a}sek
Nazev prace: Efektivn\IeC {\'\i } zobrazov\IeC {\'a}n\IeC {\'\i } rozs\IeC {\'a
}hl\IeC {\'y}ch no\IeC {\v c}n\IeC {\'\i }ch sc\IeC {\'e}n na mobiln\IeC {\'\i 
}ch za\IeC {\v r}\IeC {\'\i }zen\IeC {\'\i }ch
Vedouci prace: Ing. Ji\IeC {\v r}\IeC {\'\i } Bittner, Ph.D.
***************************************************
LaTeX Font Info:    Try loading font information for OMS+cmr on input line 262.

(/usr/share/texlive/texmf-dist/tex/latex/base/omscmr.fd
File: omscmr.fd 1999/05/25 v2.5h Standard LaTeX font definitions
)
LaTeX Font Info:    Font shape `OMS/cmr/m/n' in size <10.95> not available
(Font)              Font shape `OMS/cmsy/m/n' tried instead on input line 262.
 [1



{/var/lib/texmf/fonts/map/pdftex/updmap/pdftex.map}] [2

]
<figures/LogoCVUT.pdf, id=278, 93.34875pt x 70.2625pt>
File: figures/LogoCVUT.pdf Graphic file (type pdf)

<use figures/LogoCVUT.pdf>
Package pdftex.def Info: figures/LogoCVUT.pdf used on input line 271.
(pdftex.def)             Requested size: 142.26378pt x 107.08527pt.
 [3 <./figures/LogoCVUT.pdf>] [4

] [5] [6

] [7]
[8

] [9

] [10

] (./diplomka-vonaslub.toc [11])
\tf@toc=\write4
\openout4 = `diplomka-vonaslub.toc'.

 [12] (./diplomka-vonaslub.lof
[13

])
\tf@lof=\write5
\openout5 = `diplomka-vonaslub.lof'.

 [14] (./diplomka-vonaslub.lot)
\tf@lot=\write6
\openout6 = `diplomka-vonaslub.lot'.

 [15

] [16

]
Kapitola 1.
[1

] [2

]
Kapitola 2.

Underfull \hbox (badness 1406) in paragraph at lines 354--355
[]\T1/cmr/m/n/10.95 Projekt je roz-d¥-len do dvou sa-mo-stat-ných £ástí. První 
£ástí je p°edzpra-co-vání,
 []

[3] <figures/lmapply.png, id=534, 722.7pt x 722.7pt>
File: figures/lmapply.png Graphic file (type png)
 <use figures/lmapply.png>
Package pdftex.def Info: figures/lmapply.png used on input line 362.
(pdftex.def)             Requested size: 284.52756pt x 284.53154pt.

[4 <./figures/lmapply.png>] <figures/lmupdate.png, id=542, 722.7pt x 963.6pt>
File: figures/lmupdate.png Graphic file (type png)

<use figures/lmupdate.png>
Package pdftex.def Info: figures/lmupdate.png used on input line 374.
(pdftex.def)             Requested size: 312.9803pt x 417.31pt.
 [5 <./figures/lmupdate.png>]
<figures/android.png, id=548, 1606.803pt x 1303.269pt>
File: figures/android.png Graphic file (type png)

<use figures/android.png>
Package pdftex.def Info: figures/android.png used on input line 392.
(pdftex.def)             Requested size: 341.43306pt x 276.93604pt.
 [6 <./figures/android.png>]
<figures/NR.png, id=554, 1927.2pt x 481.8pt>
File: figures/NR.png Graphic file (type png)
 <use figures/NR.png>
Package pdftex.def Info: figures/NR.png used on input line 412.
(pdftex.def)             Requested size: 426.79134pt x 106.69473pt.
 [7 <./figures/NR.png>] <figures/ISM.png, id=560, 1445.4pt x 361.35pt>
File: figures/ISM.png Graphic file (type png)
 <use figures/ISM.png>
Package pdftex.def Info: figures/ISM.png used on input line 427.
(pdftex.def)             Requested size: 426.79134pt x 106.69656pt.

[8 <./figures/ISM.png>] [9] <figures/games.png, id=571, 1927.2pt x 803.0pt>
File: figures/games.png Graphic file (type png)

<use figures/games.png>
Package pdftex.def Info: figures/games.png used on input line 465.
(pdftex.def)             Requested size: 426.79134pt x 177.82455pt.
 [10 <./figures/games.png>]
Kapitola 3.
<figures/phong.png, id=577, 724.95844pt x 201.75375pt>
File: figures/phong.png Graphic file (type png)
 <use figures/phong.png>
Package pdftex.def Info: figures/phong.png used on input line 488.
(pdftex.def)             Requested size: 426.79134pt x 118.77507pt.

[11

 <./figures/phong.png>] <figures/phongD.png, id=584, 397.485pt x 180.675pt>
File: figures/phongD.png Graphic file (type png)

<use figures/phongD.png>
Package pdftex.def Info: figures/phongD.png used on input line 501.
(pdftex.def)             Requested size: 170.71652pt x 77.60051pt.
 <figures/phongS.png, id=585, 397.485pt x 180.675pt>
File: figures/phongS.png Graphic file (type png)

<use figures/phongS.png>
Package pdftex.def Info: figures/phongS.png used on input line 518.
(pdftex.def)             Requested size: 170.71652pt x 77.60051pt.
 [12 <./figures/phongD.png> <./figures/phongS.png>]
<figures/cutoff.png, id=592, 289.08pt x 216.81pt>
File: figures/cutoff.png Graphic file (type png)
 <use figures/cutoff.png>
Package pdftex.def Info: figures/cutoff.png used on input line 541.
(pdftex.def)             Requested size: 170.71652pt x 128.03587pt.

[13 <./figures/cutoff.png>]
<figures/shading.png, id=599, 1003.75pt x 301.125pt>
File: figures/shading.png Graphic file (type png)
 <use figures/shading.png>
Package pdftex.def Info: figures/shading.png used on input line 573.
(pdftex.def)             Requested size: 384.1122pt x 115.23277pt.

[14 <./figures/shading.png>]
<figures/interpolation.png, id=609, 462.528pt x 433.62pt>
File: figures/interpolation.png Graphic file (type png)

<use figures/interpolation.png>
Package pdftex.def Info: figures/interpolation.png used on input line 583.
(pdftex.def)             Requested size: 184.9429pt x 173.38538pt.

<figures/blendoff.png, id=610, 1370.9619pt x 707.5233pt>
File: figures/blendoff.png Graphic file (type png)

<use figures/blendoff.png>
Package pdftex.def Info: figures/blendoff.png used on input line 615.
(pdftex.def)             Requested size: 170.71652pt x 88.09471pt.

<figures/blendon.png, id=611, 1370.9619pt x 707.5233pt>
File: figures/blendon.png Graphic file (type png)

<use figures/blendon.png>
Package pdftex.def Info: figures/blendon.png used on input line 616.
(pdftex.def)             Requested size: 170.71652pt x 88.09471pt.


LaTeX Warning: `h' float specifier changed to `ht'.

[15 <./figures/interpolation.png>]
<figures/shadowmaps.png, id=618, 361.35pt x 289.08pt>
File: figures/shadowmaps.png Graphic file (type png)

<use figures/shadowmaps.png>
Package pdftex.def Info: figures/shadowmaps.png used on input line 633.
(pdftex.def)             Requested size: 256.0748pt x 204.86006pt.
 [16 <./figures/blendoff.png> <./figures/blendon.png> <./figures/shadowmaps.png
>]
<figures/shadowmap.png, id=624, 357.7365pt x 162.6075pt>
File: figures/shadowmap.png Graphic file (type png)

<use figures/shadowmap.png>
Package pdftex.def Info: figures/shadowmap.png used on input line 640.
(pdftex.def)             Requested size: 341.43306pt x 155.20323pt.
 [17 <./figures/shadowmap.png>]
<figures/shadows-pa.png, id=631, 583.58025pt x 189.70876pt>
File: figures/shadows-pa.png Graphic file (type png)

<use figures/shadows-pa.png>
Package pdftex.def Info: figures/shadows-pa.png used on input line 663.
(pdftex.def)             Requested size: 312.9803pt x 101.74356pt.

<figures/pcf.png, id=632, 722.33865pt x 180.675pt>
File: figures/pcf.png Graphic file (type png)
 <use figures/pcf.png>
Package pdftex.def Info: figures/pcf.png used on input line 674.
(pdftex.def)             Requested size: 241.84842pt x 60.49133pt.

<figures/pcf-example.png, id=633, 697.4055pt x 397.485pt>
File: figures/pcf-example.png Graphic file (type png)

<use figures/pcf-example.png>
Package pdftex.def Info: figures/pcf-example.png used on input line 681.
(pdftex.def)             Requested size: 284.52756pt x 162.1693pt.
 [18 <./figures/shadows-pa.png> <./figures/pcf.png> <./figures/pcf-example.png>
]
<figures/lmcoords.png, id=641, 578.16pt x 578.16pt>
File: figures/lmcoords.png Graphic file (type png)
 <use figures/lmcoords.png>
Package pdftex.def Info: figures/lmcoords.png used on input line 701.
(pdftex.def)             Requested size: 227.62204pt x 227.61641pt.

[19 <./figures/lmcoords.png>]
<figures/triangle.png, id=647, 325.215pt x 173.448pt>
File: figures/triangle.png Graphic file (type png)

<use figures/triangle.png>
Package pdftex.def Info: figures/triangle.png used on input line 718.
(pdftex.def)             Requested size: 284.52756pt x 151.75868pt.
 [20 <./figures/triangle.png>]
<figures/lmfix.png, id=653, 903.375pt x 903.375pt>
File: figures/lmfix.png Graphic file (type png)
 <use figures/lmfix.png>
Package pdftex.def Info: figures/lmfix.png used on input line 731.
(pdftex.def)             Requested size: 170.71652pt x 170.70569pt.

[21 <./figures/lmfix.png>]
<figures/cubemap.png, id=660, 722.33865pt x 180.675pt>
File: figures/cubemap.png Graphic file (type png)

<use figures/cubemap.png>
Package pdftex.def Info: figures/cubemap.png used on input line 754.
(pdftex.def)             Requested size: 426.79134pt x 106.75446pt.

Underfull \hbox (badness 2521) in paragraph at lines 760--761
\T1/cmr/m/n/10.95 blém se dá °e-²it vy-pnu-tím vzdá-le-ných sv¥-tel. Sv¥tla se 
se-°adí podle vzdá-le-nosti
 []

[22 <./figures/cubemap.png>]
<figures/reflection-diagram.png, id=666, 642.4pt x 481.8pt>
File: figures/reflection-diagram.png Graphic file (type png)

<use figures/reflection-diagram.png>
Package pdftex.def Info: figures/reflection-diagram.png used on input line 774.

(pdftex.def)             Requested size: 227.62204pt x 170.71304pt.
 [23 <./figures/reflection-diagram.png>]
[24

]
Kapitola 4.

Underfull \hbox (badness 2790) in paragraph at lines 817--818
\T1/cmr/m/n/10.95 bez p°ed-po£-te-ného osv¥t-lení, dále bylo pro-ve-deno por-to
-vání pro-jektu na An-droid
 []

(/usr/share/texlive/texmf-dist/tex/latex/listings/lstlang1.sty
File: lstlang1.sty 2013/08/26 1.5b listings language file
)
(/usr/share/texlive/texmf-dist/tex/latex/listings/lstlang1.sty
File: lstlang1.sty 2013/08/26 1.5b listings language file
)
(/usr/share/texlive/texmf-dist/tex/latex/listings/lstmisc.sty
File: lstmisc.sty 2013/08/26 1.5b (Carsten Heinz)
) [25]
<figures/o4suml.png, id=691, 790.45313pt x 395.22656pt>
File: figures/o4suml.png Graphic file (type png)

<use figures/o4suml.png>
Package pdftex.def Info: figures/o4suml.png used on input line 843.
(pdftex.def)             Requested size: 455.24408pt x 227.62137pt.

Overfull \hbox (19.72894pt too wide) in paragraph at lines 843--844
 [] 
 []


Underfull \hbox (badness 10000) in paragraph at lines 849--852

 []

[26 <./figures/o4suml.png>]
LaTeX Font Info:    Font shape `OMS/cmr/m/n' in size <9> not available
(Font)              Font shape `OMS/cmsy/m/n' tried instead on input line 874.

(/usr/share/texlive/texmf-dist/tex/latex/listings/lstlang1.sty
File: lstlang1.sty 2013/08/26 1.5b listings language file
) [27]
<figures/jni.png, id=719, 376.40625pt x 225.84375pt>
File: figures/jni.png Graphic file (type png)
 <use figures/jni.png>
Package pdftex.def Info: figures/jni.png used on input line 913.
(pdftex.def)             Requested size: 227.62204pt x 136.57558pt.

[28 <./figures/jni.png>] [29] [30]
<figures/lamps.png, id=813, 602.25pt x 361.35pt>
File: figures/lamps.png Graphic file (type png)
 <use figures/lamps.png>
Package pdftex.def Info: figures/lamps.png used on input line 1018.
(pdftex.def)             Requested size: 312.9803pt x 187.7928pt.

<figures/objconv.png, id=814, 515.67656pt x 402.75468pt>
File: figures/objconv.png Graphic file (type png)

<use figures/objconv.png>
Package pdftex.def Info: figures/objconv.png used on input line 1037.
(pdftex.def)             Requested size: 256.0748pt x 200.00638pt.


LaTeX Warning: `h' float specifier changed to `ht'.


Underfull \vbox (badness 10000) has occurred while \output is active []

 [31 <./figures/lamps.png>] [32 <./figures/objconv.png>]
<figures/reflect-horizont.png, id=825, 963.6pt x 481.8pt>
File: figures/reflect-horizont.png Graphic file (type png)

<use figures/reflect-horizont.png>
Package pdftex.def Info: figures/reflect-horizont.png used on input line 1082.
(pdftex.def)             Requested size: 426.79134pt x 213.38947pt.
 [33 <./figures/reflect-horizont.png>]
<figures/reflect-car.png, id=846, 963.6pt x 401.5pt>
File: figures/reflect-car.png Graphic file (type png)

<use figures/reflect-car.png>
Package pdftex.def Info: figures/reflect-car.png used on input line 1090.
(pdftex.def)             Requested size: 426.79134pt x 177.82455pt.
 [34 <./figures/reflect-car.png>]
<figures/render-schema.png, id=852, 1435.3625pt x 145.54375pt>
File: figures/render-schema.png Graphic file (type png)

<use figures/render-schema.png>
Package pdftex.def Info: figures/render-schema.png used on input line 1113.
(pdftex.def)             Requested size: 426.79134pt x 43.27481pt.


LaTeX Warning: `!h' float specifier changed to `!ht'.

[35] [36 <./figures/render-schema.png>]
Kapitola 5.

Underfull \hbox (badness 6063) in paragraph at lines 1137--1137
[]\T1/cmr/bx/n/10.95 Samsung Ga-laxy
 []


Underfull \hbox (badness 2932) in paragraph at lines 1137--1137
[]\T1/cmr/bx/n/10.95 Google Ne-xus 7
 []


Underfull \hbox (badness 4518) in paragraph at lines 1137--1138
[]\T1/cmr/bx/n/10.95 Acer Tra-vel-Mate
 []


Overfull \hbox (10.82343pt too wide) in paragraph at lines 1135--1147
 [] 
 []


Underfull \hbox (badness 6063) in paragraph at lines 1158--1158
[]\T1/cmr/bx/n/10.95 Samsung Ga-laxy
 []


Underfull \hbox (badness 2932) in paragraph at lines 1158--1158
[]\T1/cmr/bx/n/10.95 Google Ne-xus 7
 []


Underfull \hbox (badness 4518) in paragraph at lines 1158--1159
[]\T1/cmr/bx/n/10.95 Acer Tra-vel-Mate
 []


Overfull \hbox (10.82343pt too wide) in paragraph at lines 1156--1166
 [] 
 []


LaTeX Warning: `!h' float specifier changed to `!ht'.


Underfull \vbox (badness 4120) has occurred while \output is active []

 [37

]
Underfull \hbox (badness 10000) in paragraph at lines 1171--1173

 []


Underfull \hbox (badness 6063) in paragraph at lines 1180--1180
[]\T1/cmr/bx/n/10.95 Samsung Ga-laxy
 []


Underfull \hbox (badness 2932) in paragraph at lines 1180--1180
[]\T1/cmr/bx/n/10.95 Google Ne-xus 7
 []


Underfull \hbox (badness 4518) in paragraph at lines 1180--1181
[]\T1/cmr/bx/n/10.95 Acer Tra-vel-Mate
 []


Overfull \hbox (10.82343pt too wide) in paragraph at lines 1178--1186
 [] 
 []


Underfull \hbox (badness 10000) in paragraph at lines 1190--1192

 []


Underfull \vbox (badness 1163) has occurred while \output is active []

 [38]
[39] [40

]
Kapitola 6.
(./diplomka-vonaslub.bbl [41] [42

]
LaTeX Font Info:    Try loading font information for T1+cmtt on input line 7.

(/usr/share/texlive/texmf-dist/tex/latex/base/t1cmtt.fd
File: t1cmtt.fd 1999/05/25 v2.5h Standard LaTeX font definitions
)
Underfull \hbox (badness 2689) in paragraph at lines 4--9
[]\T1/cmr/m/n/10.95 Lauris Kap-lin-ski.  Re-flecti-ons.  [][]$\T1/cmtt/m/n/10.9
5 http : / / khayyam . kaplinski . com / 2011 / 09 /
 []

) [43] [44

]
P\v {r}\'{\i }loha A.
[45] [46] [47] [48]
P\v {r}\'{\i }loha B.

LaTeX Warning: Citation `CSTUG' on page 49 undefined on input line 1294.


LaTeX Warning: Citation `latexdocweb' on page 49 undefined on input line 1294.


LaTeX Warning: Citation `latexwiki' on page 49 undefined on input line 1294.

File: figures/LogoCVUT.pdf Graphic file (type pdf)
<use figures/LogoCVUT.pdf>
Package pdftex.def Info: figures/LogoCVUT.pdf used on input line 1306.
(pdftex.def)             Requested size: 142.26378pt x 107.08527pt.
 [49

]

LaTeX Warning: Citation `ipe' on page 50 undefined on input line 1326.

[50] [51]

LaTeX Warning: Citation `kniha' on page 52 undefined on input line 1451.


LaTeX Warning: Citation `clanek' on page 52 undefined on input line 1451.


LaTeX Warning: Citation `sbornik' on page 52 undefined on input line 1451.


LaTeX Warning: Citation `www' on page 52 undefined on input line 1451.

[52] [53] [54]
P\v {r}\'{\i }loha C.
[55

] [56

]
P\v {r}\'{\i }loha D.
[57] [58

]
P\v {r}\'{\i }loha E.
[59] [60

]
P\v {r}\'{\i }loha F.

LaTeX Warning: Citation `infodp' on page 61 undefined on input line 1544.

Package atveryend Info: Empty hook `BeforeClearDocument' on input line 1554.
[61]
Package atveryend Info: Empty hook `AfterLastShipout' on input line 1554.
 (./diplomka-vonaslub.aux)
Package atveryend Info: Executing hook `AtVeryEndDocument' on input line 1554.
Package atveryend Info: Executing hook `AtEndAfterFileList' on input line 1554.

Package rerunfilecheck Info: File `diplomka-vonaslub.out' has not changed.
(rerunfilecheck)             Checksum: BFE8D4BA659CA175C188A4558D447A67;12872.


LaTeX Warning: There were undefined references.

Package atveryend Info: Empty hook `AtVeryVeryEnd' on input line 1554.
 ) 
Here is how much of TeX's memory you used:
 14051 strings out of 494953
 195997 string characters out of 6179185
 488359 words of memory out of 5000000
 16763 multiletter control sequences out of 15000+600000
 22348 words of font info for 51 fonts, out of 8000000 for 9000
 50 hyphenation exceptions out of 8191
 37i,12n,58p,968b,2116s stack positions out of 5000i,500n,10000p,200000b,80000s
{/usr/share/texmf/fonts/enc/dvips/cm-super/cm-super-t1.enc}</usr/share/texliv
e/texmf-dist/fonts/type1/public/amsfonts/cm/cmex10.pfb></usr/share/texlive/texm
f-dist/fonts/type1/public/amsfonts/cm/cmmi10.pfb></usr/share/texlive/texmf-dist
/fonts/type1/public/amsfonts/cm/cmmi6.pfb></usr/share/texlive/texmf-dist/fonts/
type1/public/amsfonts/cm/cmmi8.pfb></usr/share/texlive/texmf-dist/fonts/type1/p
ublic/amsfonts/cm/cmr10.pfb></usr/share/texlive/texmf-dist/fonts/type1/public/a
msfonts/cm/cmr6.pfb></usr/share/texlive/texmf-dist/fonts/type1/public/amsfonts/
cm/cmr8.pfb></usr/share/texlive/texmf-dist/fonts/type1/public/amsfonts/cm/cmsy1
0.pfb></usr/share/texlive/texmf-dist/fonts/type1/public/amsfonts/cm/cmsy8.pfb><
/usr/share/texlive/texmf-dist/fonts/type1/public/amsfonts/cm/cmsy9.pfb></usr/sh
are/texmf/fonts/type1/public/cm-super/sfbx1095.pfb></usr/share/texmf/fonts/type
1/public/cm-super/sfbx1200.pfb></usr/share/texmf/fonts/type1/public/cm-super/sf
bx1440.pfb></usr/share/texmf/fonts/type1/public/cm-super/sfbx2074.pfb></usr/sha
re/texmf/fonts/type1/public/cm-super/sfbx2488.pfb></usr/share/texmf/fonts/type1
/public/cm-super/sfrm0600.pfb></usr/share/texmf/fonts/type1/public/cm-super/sfr
m0800.pfb></usr/share/texmf/fonts/type1/public/cm-super/sfrm0900.pfb></usr/shar
e/texmf/fonts/type1/public/cm-super/sfrm1095.pfb></usr/share/texmf/fonts/type1/
public/cm-super/sfrm1200.pfb></usr/share/texmf/fonts/type1/public/cm-super/sfsl
1095.pfb></usr/share/texmf/fonts/type1/public/cm-super/sfti1095.pfb></usr/share
/texmf/fonts/type1/public/cm-super/sfti1440.pfb></usr/share/texmf/fonts/type1/p
ublic/cm-super/sftt0900.pfb></usr/share/texmf/fonts/type1/public/cm-super/sftt1
000.pfb></usr/share/texmf/fonts/type1/public/cm-super/sftt1095.pfb>
Output written on diplomka-vonaslub.pdf (77 pages, 11948697 bytes).
PDF statistics:
 1138 PDF objects out of 1200 (max. 8388607)
 961 compressed objects within 10 object streams
 309 named destinations out of 1000 (max. 500000)
 681 words of extra memory for PDF output out of 10000 (max. 10000000)

