\BOOKMARK [0][-]{chapter.1}{\376\377\000Z\000a\000d\000\341\000n\000\355}{}% 1
\BOOKMARK [0][-]{chapter.2}{\376\377\000S\000p\000e\000c\000i\000f\000i\000k\000a\000c\000e\000\040\000c\000\355\000l\001\157}{}% 2
\BOOKMARK [1][-]{section.2.1}{\376\377\000P\001\131\000e\000d\000z\000p\000r\000a\000c\000o\000v\000\341\000n\000\355}{chapter.2}% 3
\BOOKMARK [1][-]{section.2.2}{\376\377\000S\000i\000m\000u\000l\000\341\000t\000o\000r}{chapter.2}% 4
\BOOKMARK [1][-]{section.2.3}{\376\377\000E\000x\000i\000s\000t\000u\000j\000\355\000c\000\355\000\040\000i\000m\000p\000l\000e\000m\000e\000n\000t\000a\000c\000e}{chapter.2}% 5
\BOOKMARK [2][-]{subsection.2.3.1}{\376\377\000A\000s\000p\000h\000a\000l\000t\000\040\000U\000r\000b\000a\000n\000\040\000o\000d\000\040\000G\000a\000m\000e\000l\000o\000f\000t\000u}{section.2.3}% 6
\BOOKMARK [2][-]{subsection.2.3.2}{\376\377\000N\000e\000e\000d\000\040\000f\000o\000r\000\040\000S\000p\000e\000e\000d\000\040\000M\000o\000s\000t\000\040\000W\000a\000n\000t\000e\000d\000\040\000o\000d\000\040\000E\000A\000\040\000G\000a\000m\000e\000s\000\040\000a\000\040\000F\000i\000r\000e\000m\000o\000n\000k\000e\000y\000s}{section.2.3}% 7
\BOOKMARK [2][-]{subsection.2.3.3}{\376\377\000G\000T\000\040\000R\000a\000c\000i\000n\000g\000\040\0002\000\040\000o\000d\000\040\000G\000a\000m\000e\000l\000o\000f\000t\000u}{section.2.3}% 8
\BOOKMARK [2][-]{subsection.2.3.4}{\376\377\000S\000p\000o\000r\000t\000s\000\040\000C\000a\000r\000\040\000C\000h\000a\000l\000l\000e\000n\000g\000e\000\040\000o\000d\000\040\000F\000i\000s\000h\000l\000a\000b\000s}{section.2.3}% 9
\BOOKMARK [2][-]{subsection.2.3.5}{\376\377\000T\000r\000a\000c\000k\000\040\000R\000a\000c\000i\000n\000g\000\040\000o\000d\000\040\000v\000\375\000v\000o\000j\000\341\001\131\000e\000\040\000S\000o\000u\000l\000k\000e\000y}{section.2.3}% 10
\BOOKMARK [0][-]{chapter.3}{\376\377\000R\000e\001\141\000e\000r\001\141\000e}{}% 11
\BOOKMARK [1][-]{section.3.1}{\376\377\000P\001\131\000e\000d\000v\000y\000p\000o\001\015\000\355\000t\000a\000n\000\351\000\040\000o\000s\000v\001\033\000t\000l\000e\000n\000\355}{chapter.3}% 12
\BOOKMARK [2][-]{subsection.3.1.1}{\376\377\000V\000y\000t\000v\000o\001\131\000e\000n\000\355\000\040\000t\000e\000x\000t\000u\000r\000o\000v\000a\000c\000\355\000c\000h\000\040\000s\000o\000u\001\131\000a\000d\000n\000i\000c}{section.3.1}% 13
\BOOKMARK [2][-]{subsection.3.1.2}{\376\377\000G\000e\000n\000e\000r\000o\000v\000\341\000n\000\355\000\040\000l\000i\000g\000h\000t\000m\000a\000p}{section.3.1}% 14
\BOOKMARK [2][-]{subsection.3.1.3}{\376\377\000O\000p\000r\000a\000v\000a\000\040\000c\000h\000y\000b\000y\000\040\000s\000o\000u\000s\000e\000d\000\355\000c\000\355\000c\000h\000\040\000t\000r\000o\000j\000\372\000h\000e\000l\000n\000\355\000k\001\157}{section.3.1}% 15
\BOOKMARK [1][-]{section.3.2}{\376\377\000O\000d\000l\000e\000s\000k\000y\000\040\000p\000o\000v\000r\000c\000h\001\157}{chapter.3}% 16
\BOOKMARK [1][-]{section.3.3}{\376\377\000S\000c\000r\000e\000e\000n\000-\000s\000p\000a\000c\000e\000\040\000p\001\131\000\355\000s\000t\000u\000p}{chapter.3}% 17
\BOOKMARK [0][-]{chapter.4}{\376\377\000R\000e\000a\000l\000i\000z\000a\000c\000e}{}% 18
\BOOKMARK [1][-]{section.4.1}{\376\377\000R\000e\000a\000l\000i\000z\000a\000c\000e\000\040\000n\000a\000\040\000p\000l\000a\000t\000f\000o\000r\000m\001\033\000\040\000A\000n\000d\000r\000o\000i\000d}{chapter.4}% 19
\BOOKMARK [2][-]{subsection.4.1.1}{\376\377\000J\000a\000v\000a\000\040\000n\000a\000t\000i\000v\000e\000\040\000i\000n\000t\000e\000r\000f\000a\000c\000e}{section.4.1}% 20
\BOOKMARK [2][-]{subsection.4.1.2}{\376\377\000V\000y\000u\001\176\000i\000t\000\355\000\040\000v\000l\000\341\000k\000e\000n}{section.4.1}% 21
\BOOKMARK [2][-]{subsection.4.1.3}{\376\377\000P\000r\000\341\000c\000e\000\040\000s\000e\000\040\000s\000o\000u\000b\000o\000r\000y}{section.4.1}% 22
\BOOKMARK [1][-]{section.4.2}{\376\377\000N\000a\000h\000r\000a\000z\000e\000n\000\355\000\040\000v\000\355\000c\000e\000p\000r\001\157\000c\000h\000o\000d\000o\000v\000\375\000c\000h\000\040\000p\001\131\000\355\000s\000t\000u\000p\001\157}{chapter.4}% 23
\BOOKMARK [2][-]{subsection.4.2.1}{\376\377\000R\000o\000z\000m\001\033\000r\000\040\000t\000e\000x\000t\000u\000r\000\040\000n\000a\000\040\000O\000p\000e\000n\000G\000L\000\040\000E\000S\000\040\0002\000.\0000}{section.4.2}% 24
\BOOKMARK [2][-]{subsection.4.2.2}{\376\377\000E\000f\000e\000k\000t\000y\000\040\000p\000o\000m\000o\000c\000\355\000\040\000s\000c\000r\000e\000e\000n\000-\000s\000p\000a\000c\000e\000\040\000p\001\131\000\355\000s\000t\000u\000p\000u}{section.4.2}% 25
\BOOKMARK [1][-]{section.4.3}{\376\377\000P\001\131\000e\000d\000v\000y\000p\000o\001\015\000\355\000t\000a\000n\000\351\000\040\000o\000s\000v\001\033\000t\000l\000e\000n\000\355}{chapter.4}% 26
\BOOKMARK [1][-]{section.4.4}{\376\377\000S\000v\001\033\000t\000l\000a\000\040\000v\000o\000z\000i\000d\000e\000l}{chapter.4}% 27
\BOOKMARK [0][-]{chapter.5}{\376\377\000T\000e\000s\000t\000o\000v\000\341\000n\000\355}{}% 28
\BOOKMARK [0][-]{chapter.6}{\376\377\000Z\000\341\000v\001\033\000r}{}% 29
\BOOKMARK [0][-]{chapter*.6}{\376\377\000L\000i\000t\000e\000r\000a\000t\000u\000r\000a}{}% 30
\BOOKMARK [0][-]{appendix.A}{\376\377\000T\000e\000s\000t\000o\000v\000\341\000n\000\355\000\040\000z\000a\000p\000l\000n\001\033\000n\000\355\000\040\000s\000t\000r\000\341\000n\000k\000y\000\040\000a\000\040\000o\000d\000s\000a\000z\000e\000n\000\355\000\040\000o\000d\000s\000t\000a\000v\000c\001\157}{}% 31
\BOOKMARK [0][-]{appendix.B}{\376\377\000P\000o\000k\000y\000n\000y\000\040\000a\000\040\000n\000\341\000v\000o\000d\000y\000\040\000k\000\040\000f\000o\000r\000m\000\341\000t\000o\000v\000\341\000n\000\355\000\040\000t\000e\000x\000t\000u\000\040\000p\000r\000\341\000c\000e}{}% 32
\BOOKMARK [1][-]{section.B.1}{\376\377\000V\000k\000l\000\341\000d\000\341\000n\000\355\000\040\000o\000b\000r\000\341\000z\000k\001\157}{appendix.B}% 33
\BOOKMARK [1][-]{section.B.2}{\376\377\000K\000r\000e\000s\000l\000e\000n\000\355\000\040\000o\000b\000r\000\341\000z\000k\001\157}{appendix.B}% 34
\BOOKMARK [1][-]{section.B.3}{\376\377\000T\000a\000b\000u\000l\000k\000y}{appendix.B}% 35
\BOOKMARK [1][-]{section.B.4}{\376\377\000O\000d\000k\000a\000z\000y\000\040\000v\000\040\000t\000e\000x\000t\000u}{appendix.B}% 36
\BOOKMARK [2][-]{subsection.B.4.1}{\376\377\000O\000d\000k\000a\000z\000y\000\040\000n\000a\000\040\000l\000i\000t\000e\000r\000a\000t\000u\000r\000u}{section.B.4}% 37
\BOOKMARK [2][-]{subsection.B.4.2}{\376\377\000O\000d\000k\000a\000z\000y\000\040\000n\000a\000\040\000o\000b\000r\000\341\000z\000k\000y\000,\000\040\000t\000a\000b\000u\000l\000k\000y\000\040\000a\000\040\000k\000a\000p\000i\000t\000o\000l\000y}{section.B.4}% 38
\BOOKMARK [1][-]{section.B.5}{\376\377\000R\000o\000v\000n\000i\000c\000e\000,\000\040\000c\000e\000n\000t\000r\000o\000v\000a\000n\000\341\000,\000\040\001\015\000\355\000s\000l\000o\000v\000a\000n\000\341\000\040\000m\000a\000t\000e\000m\000a\000t\000i\000k\000a}{appendix.B}% 39
\BOOKMARK [1][-]{section.B.6}{\376\377\000K\000\363\000d\000y\000\040\000p\000r\000o\000g\000r\000a\000m\000u}{appendix.B}% 40
\BOOKMARK [1][-]{section.B.7}{\376\377\000D\000a\000l\001\141\000\355\000\040\000p\000o\000z\000n\000\341\000m\000k\000y}{appendix.B}% 41
\BOOKMARK [2][-]{subsection.B.7.1}{\376\377\001\014\000e\000s\000k\000\351\000\040\000u\000v\000o\000z\000o\000v\000k\000y}{section.B.7}% 42
\BOOKMARK [0][-]{appendix.C}{\376\377\000S\000e\000z\000n\000a\000m\000\040\000p\000o\000u\001\176\000i\000t\000\375\000c\000h\000\040\000z\000k\000r\000a\000t\000e\000k}{}% 43
\BOOKMARK [0][-]{appendix.D}{\376\377\000U\000M\000L\000\040\000d\000i\000a\000g\000r\000a\000m\000y}{}% 44
\BOOKMARK [0][-]{appendix.E}{\376\377\000I\000n\000s\000t\000a\000l\000a\001\015\000n\000\355\000\040\000a\000\040\000u\001\176\000i\000v\000a\000t\000e\000l\000s\000k\000\341\000\040\000p\001\131\000\355\000r\000u\001\015\000k\000a}{}% 45
\BOOKMARK [0][-]{appendix.F}{\376\377\000O\000b\000s\000a\000h\000\040\000p\001\131\000i\000l\000o\001\176\000e\000n\000\351\000h\000o\000\040\000C\000D}{}% 46
